[22:38:59] [main/INFO]: Setting user: Player243
[22:39:00] [Client thread/INFO]: LWJGL Version: 2.9.1
[22:39:06] [Client thread/INFO]: Reloading ResourceManager: Default, FMLFileResourcePack:Forge Mod Loader, FMLFileResourcePack:Minecraft Forge, FMLFileResourcePack:Lets Mod
[22:39:06] [Sound Library Loader/INFO]: Sound engine started
[22:39:07] [Client thread/INFO]: Created: 16x16 textures/blocks-atlas
[22:39:07] [Client thread/INFO]: Created: 16x16 textures/items-atlas
[22:39:07] [Client thread/INFO]: Reloading ResourceManager: Default, FMLFileResourcePack:Forge Mod Loader, FMLFileResourcePack:Minecraft Forge, FMLFileResourcePack:Lets Mod
[22:39:08] [Client thread/INFO]: Created: 512x256 textures/blocks-atlas
[22:39:08] [Client thread/INFO]: Created: 256x256 textures/items-atlas
[22:39:08] [Sound Library Loader/INFO]: Sound engine started
[22:39:12] [Server thread/INFO]: Starting integrated minecraft server version 1.7.10
[22:39:12] [Server thread/INFO]: Generating keypair
[22:39:12] [Server thread/INFO]: Preparing start region for level 0
[22:39:12] [Server thread/INFO]: Changing view distance to 12, from 10
[22:39:13] [Server thread/INFO]: Player243[local:E:2bd27979] logged in with entity id 172 at (854.3286175020035, 26.53563676738443, 65.35974493662863)
[22:39:13] [Server thread/INFO]: Player243 joined the game
[22:39:44] [Server thread/INFO]: Player243 has just earned the achievement [Taking Inventory]
[22:39:44] [Client thread/INFO]: [CHAT] Player243 has just earned the achievement [Taking Inventory]
[22:47:02] [Server thread/INFO]: Saving and pausing game...
[22:47:02] [Server thread/INFO]: Saving chunks for level 'New World'/Overworld
[22:47:02] [Server thread/INFO]: Saving chunks for level 'New World'/Nether
[22:47:02] [Server thread/INFO]: Saving chunks for level 'New World'/The End
[22:47:03] [Server thread/INFO]: Saving and pausing game...
[22:47:03] [Server thread/INFO]: Saving chunks for level 'New World'/Overworld
[22:47:03] [Server thread/INFO]: Saving chunks for level 'New World'/Nether
[22:47:03] [Server thread/INFO]: Saving chunks for level 'New World'/The End
[22:47:04] [Server thread/INFO]: Stopping server
[22:47:04] [Server thread/INFO]: Saving players
[22:47:04] [Server thread/INFO]: Saving worlds
[22:47:04] [Server thread/INFO]: Saving chunks for level 'New World'/Overworld
[22:47:04] [Server thread/INFO]: Saving chunks for level 'New World'/Nether
[22:47:04] [Server thread/INFO]: Saving chunks for level 'New World'/The End
[22:47:05] [Client thread/INFO]: Stopping!
